{
  "stats": {
    "suites": 7,
    "tests": 19,
    "passes": 18,
    "pending": 0,
    "failures": 1,
    "testsRegistered": 19,
    "passPercent": 94.73684210526316,
    "pendingPercent": 0,
    "other": 0,
    "hasOther": false,
    "skipped": 0,
    "hasSkipped": false,
    "start": "2023-10-28T04:19:29.409Z",
    "end": "2023-10-28T04:20:10.510Z",
    "duration": 41101
  },
  "results": [
    {
      "uuid": "8458badb-eab6-4631-a615-495477666cf1",
      "title": "",
      "fullFile": "cypress\\e2e\\HomePage.cy.ts",
      "file": "cypress\\e2e\\HomePage.cy.ts",
      "beforeHooks": [],
      "afterHooks": [],
      "tests": [],
      "suites": [
        {
          "uuid": "19ae90a5-a117-4adf-af87-851d092fc09c",
          "title": "Home Page Test Cases",
          "fullFile": "",
          "file": "",
          "beforeHooks": [],
          "afterHooks": [],
          "tests": [
            {
              "title": "Should display Home Page",
              "fullTitle": "Home Page Test Cases Should display Home Page",
              "timedOut": null,
              "duration": 2707,
              "state": "passed",
              "speed": "fast",
              "pass": true,
              "fail": false,
              "pending": false,
              "context": null,
              "code": "cy.get(appHome.homePageHeader).should('be.visible').should('have.text', uiTexts.homePageHeader);",
              "err": {},
              "uuid": "51128964-d4c1-4410-b473-88617011973a",
              "parentUUID": "19ae90a5-a117-4adf-af87-851d092fc09c",
              "isHook": false,
              "skipped": false
            },
            {
              "title": "Should redirect to Sign In Page",
              "fullTitle": "Home Page Test Cases Should redirect to Sign In Page",
              "timedOut": null,
              "duration": 341,
              "state": "passed",
              "speed": "fast",
              "pass": true,
              "fail": false,
              "pending": false,
              "context": null,
              "code": "cy.get(appHome.signInLink).click();\ncy.get(appSignIn.pageHeader).should('be.visible').should('have.text', uiTexts.signInPageHeader);",
              "err": {},
              "uuid": "b3f3d8c7-a28c-411a-afab-b8bb09dc2a74",
              "parentUUID": "19ae90a5-a117-4adf-af87-851d092fc09c",
              "isHook": false,
              "skipped": false
            }
          ],
          "suites": [],
          "passes": [
            "51128964-d4c1-4410-b473-88617011973a",
            "b3f3d8c7-a28c-411a-afab-b8bb09dc2a74"
          ],
          "failures": [],
          "pending": [],
          "skipped": [],
          "duration": 3048,
          "root": false,
          "rootEmpty": false,
          "_timeout": 2000
        }
      ],
      "passes": [],
      "failures": [],
      "pending": [],
      "skipped": [],
      "duration": 0,
      "root": true,
      "rootEmpty": true,
      "_timeout": 2000
    },
    {
      "uuid": "5dca1764-97f8-468b-9c4b-630efe824035",
      "title": "",
      "fullFile": "cypress\\e2e\\newArticle.cy.ts",
      "file": "cypress\\e2e\\newArticle.cy.ts",
      "beforeHooks": [],
      "afterHooks": [],
      "tests": [],
      "suites": [
        {
          "uuid": "8f2ae0a8-b276-4a1e-a1f8-45171b667ae3",
          "title": "template spec",
          "fullFile": "",
          "file": "",
          "beforeHooks": [],
          "afterHooks": [],
          "tests": [
            {
              "title": "Should check if user is logged in",
              "fullTitle": "template spec Should check if user is logged in",
              "timedOut": null,
              "duration": 3133,
              "state": "passed",
              "speed": "fast",
              "pass": true,
              "fail": false,
              "pending": false,
              "context": null,
              "code": "cy.get(feed.loggedUser).should('be.visible').and('contains.text', userData.username);",
              "err": {},
              "uuid": "c5036f56-ab64-4366-acbc-fa96827eb807",
              "parentUUID": "8f2ae0a8-b276-4a1e-a1f8-45171b667ae3",
              "isHook": false,
              "skipped": false
            },
            {
              "title": "Should open New Article view",
              "fullTitle": "template spec Should open New Article view",
              "timedOut": null,
              "duration": 881,
              "state": "passed",
              "speed": "fast",
              "pass": true,
              "fail": false,
              "pending": false,
              "context": null,
              "code": "cy.contains(feed.newArticleLink).click();\ncy.get('.btn').should('be.visible').and('contains.text', uiTexts.publishBtn);",
              "err": {},
              "uuid": "f8240dfe-d235-4814-892a-24c536f18bfa",
              "parentUUID": "8f2ae0a8-b276-4a1e-a1f8-45171b667ae3",
              "isHook": false,
              "skipped": false
            },
            {
              "title": "Should not create a new Article when title is empty",
              "fullTitle": "template spec Should not create a new Article when title is empty",
              "timedOut": null,
              "duration": 2926,
              "state": "passed",
              "speed": "fast",
              "pass": true,
              "fail": false,
              "pending": false,
              "context": null,
              "code": "cy.contains(feed.newArticleLink).click();\ncy.get(article.description).type(articleData.description);\ncy.get(article.body).type(articleData.body);\ncy.get(article.tags).type(articleData.tags);\ncy.contains(article.button).click();\ncy.get(article.titleErrorMsg).should('be.visible').and('contains.text', articleData.errorMsg);",
              "err": {},
              "uuid": "36183991-6f37-44d2-a377-87756056279b",
              "parentUUID": "8f2ae0a8-b276-4a1e-a1f8-45171b667ae3",
              "isHook": false,
              "skipped": false
            },
            {
              "title": "Should create a new Article",
              "fullTitle": "template spec Should create a new Article",
              "timedOut": null,
              "duration": 3703,
              "state": "passed",
              "speed": "fast",
              "pass": true,
              "fail": false,
              "pending": false,
              "context": null,
              "code": "cy.contains(feed.newArticleLink).click();\ncy.get(article.title).type(articleData.title);\ncy.get(article.description).type(articleData.description);\ncy.get(article.body).type(articleData.body);\ncy.get(article.tags).type(articleData.tags);\ncy.contains(article.button).click();\ncy.get('h1.ng-binding').should('be.visible').should('contains.text', articleData.title);",
              "err": {},
              "uuid": "c95d150e-a271-4dae-a714-8c2a97ac3e17",
              "parentUUID": "8f2ae0a8-b276-4a1e-a1f8-45171b667ae3",
              "isHook": false,
              "skipped": false
            }
          ],
          "suites": [],
          "passes": [
            "c5036f56-ab64-4366-acbc-fa96827eb807",
            "f8240dfe-d235-4814-892a-24c536f18bfa",
            "36183991-6f37-44d2-a377-87756056279b",
            "c95d150e-a271-4dae-a714-8c2a97ac3e17"
          ],
          "failures": [],
          "pending": [],
          "skipped": [],
          "duration": 10643,
          "root": false,
          "rootEmpty": false,
          "_timeout": 2000
        }
      ],
      "passes": [],
      "failures": [],
      "pending": [],
      "skipped": [],
      "duration": 0,
      "root": true,
      "rootEmpty": true,
      "_timeout": 2000
    },
    {
      "uuid": "4810d2f4-b5a5-482d-9d63-6d11a0627629",
      "title": "",
      "fullFile": "cypress\\e2e\\tags.cy.ts",
      "file": "cypress\\e2e\\tags.cy.ts",
      "beforeHooks": [],
      "afterHooks": [],
      "tests": [],
      "suites": [
        {
          "uuid": "86f97272-be65-4fd6-ad93-01d210f1ab03",
          "title": "Tag list Testing",
          "fullFile": "",
          "file": "",
          "beforeHooks": [],
          "afterHooks": [],
          "tests": [
            {
              "title": "Should display tag list",
              "fullTitle": "Tag list Testing Should display tag list",
              "timedOut": null,
              "duration": 3297,
              "state": "passed",
              "speed": "fast",
              "pass": true,
              "fail": false,
              "pending": false,
              "context": null,
              "code": "cy.get(tags.tag1).should('be.visible');",
              "err": {},
              "uuid": "70390aa5-f349-4e53-a24e-8bc1482fb69f",
              "parentUUID": "86f97272-be65-4fd6-ad93-01d210f1ab03",
              "isHook": false,
              "skipped": false
            },
            {
              "title": "Should check tag list",
              "fullTitle": "Tag list Testing Should check tag list",
              "timedOut": null,
              "duration": 389,
              "state": "passed",
              "speed": "fast",
              "pass": true,
              "fail": false,
              "pending": false,
              "context": null,
              "code": "cy.get(tags.tag1).and('have.text', tagList.tags[0]);\ncy.get(tags.tag2).should('be.visible').and('have.text', tagList.tags[1]);\ncy.get(tags.tag3).should('be.visible').and('have.text', tagList.tags[2]);\ncy.get(tags.tag4).should('be.visible').and('have.text', tagList.tags[3]);",
              "err": {},
              "uuid": "62b60236-5c81-466f-a372-4e51f16d42f0",
              "parentUUID": "86f97272-be65-4fd6-ad93-01d210f1ab03",
              "isHook": false,
              "skipped": false
            },
            {
              "title": "Should check if the right amount of tags are displayed",
              "fullTitle": "Tag list Testing Should check if the right amount of tags are displayed",
              "timedOut": null,
              "duration": 328,
              "state": "passed",
              "speed": "fast",
              "pass": true,
              "fail": false,
              "pending": false,
              "context": null,
              "code": "cy.get(tags.tagList).children().should('have.length', 4);",
              "err": {},
              "uuid": "e610bf9a-0e17-4801-b395-3f2a01fe3f5c",
              "parentUUID": "86f97272-be65-4fd6-ad93-01d210f1ab03",
              "isHook": false,
              "skipped": false
            }
          ],
          "suites": [],
          "passes": [
            "70390aa5-f349-4e53-a24e-8bc1482fb69f",
            "62b60236-5c81-466f-a372-4e51f16d42f0",
            "e610bf9a-0e17-4801-b395-3f2a01fe3f5c"
          ],
          "failures": [],
          "pending": [],
          "skipped": [],
          "duration": 4014,
          "root": false,
          "rootEmpty": false,
          "_timeout": 2000
        }
      ],
      "passes": [],
      "failures": [],
      "pending": [],
      "skipped": [],
      "duration": 0,
      "root": true,
      "rootEmpty": true,
      "_timeout": 2000
    },
    {
      "uuid": "e8d5b3c1-320a-4835-8eab-25b3c578e7df",
      "title": "",
      "fullFile": "cypress\\e2e\\uiLoginTest.cy.ts",
      "file": "cypress\\e2e\\uiLoginTest.cy.ts",
      "beforeHooks": [],
      "afterHooks": [],
      "tests": [],
      "suites": [
        {
          "uuid": "bf9d5235-a0af-42e3-8072-daadc8678693",
          "title": "Login Tests using UI",
          "fullFile": "",
          "file": "",
          "beforeHooks": [],
          "afterHooks": [],
          "tests": [
            {
              "title": "Should check if user is on Login Page",
              "fullTitle": "Login Tests using UI Should check if user is on Login Page",
              "timedOut": null,
              "duration": 2550,
              "state": "passed",
              "speed": "fast",
              "pass": true,
              "fail": false,
              "pending": false,
              "context": null,
              "code": "cy.get(login.pageHeader).should('be.visible').should('contains.text', uiTexts.signInPageHeader);",
              "err": {},
              "uuid": "2aabb0b2-77d8-4447-974c-a460179ea274",
              "parentUUID": "bf9d5235-a0af-42e3-8072-daadc8678693",
              "isHook": false,
              "skipped": false
            },
            {
              "title": "Should check error message displayed when no password is given",
              "fullTitle": "Login Tests using UI Should check error message displayed when no password is given",
              "timedOut": null,
              "duration": 1474,
              "state": "passed",
              "speed": "fast",
              "pass": true,
              "fail": false,
              "pending": false,
              "context": null,
              "code": "cy.get(login.userField).should('be.visible').type('some@email.com');\ncy.get(login.submitBtn).should('be.visible').click();\ncy.get(login.errorMsg).should('be.visible').should('contains.text', uiTexts.pwdError);",
              "err": {},
              "uuid": "726bca5f-0335-4295-89ee-0a31e4da1f7e",
              "parentUUID": "bf9d5235-a0af-42e3-8072-daadc8678693",
              "isHook": false,
              "skipped": false
            },
            {
              "title": "Should check error message displayed when no email is given",
              "fullTitle": "Login Tests using UI Should check error message displayed when no email is given",
              "timedOut": null,
              "duration": 760,
              "state": "passed",
              "speed": "fast",
              "pass": true,
              "fail": false,
              "pending": false,
              "context": null,
              "code": "cy.get(login.passwordField).should('be.visible').type('somePassword');\ncy.get(login.submitBtn).should('be.visible').click();\ncy.get(login.errorMsg).should('be.visible').should('contains.text', uiTexts.emailError);",
              "err": {},
              "uuid": "aa0f51a3-25f7-4646-9b65-172e8ff4f8e2",
              "parentUUID": "bf9d5235-a0af-42e3-8072-daadc8678693",
              "isHook": false,
              "skipped": false
            },
            {
              "title": "Should login successfully when using valid credentials",
              "fullTitle": "Login Tests using UI Should login successfully when using valid credentials",
              "timedOut": null,
              "duration": 1302,
              "state": "passed",
              "speed": "fast",
              "pass": true,
              "fail": false,
              "pending": false,
              "context": null,
              "code": "cy.get(login.userField).should('be.visible').type(userData.email);\ncy.get(login.passwordField).should('be.visible').type(userData.password);\ncy.get(login.submitBtn).should('be.visible').click();\ncy.get(feed.loggedUser).should('be.visible').should('contains.text', userData.username);",
              "err": {},
              "uuid": "c1b29f7f-125d-44c5-90d7-ba2c8559b835",
              "parentUUID": "bf9d5235-a0af-42e3-8072-daadc8678693",
              "isHook": false,
              "skipped": false
            },
            {
              "title": "Should redirect to Sign In Page when clicking Sign In Link",
              "fullTitle": "Login Tests using UI Should redirect to Sign In Page when clicking Sign In Link",
              "timedOut": null,
              "duration": 326,
              "state": "passed",
              "speed": "fast",
              "pass": true,
              "fail": false,
              "pending": false,
              "context": null,
              "code": "cy.get(login.signUpLink).should('be.visible').should('contains.text', uiTexts.signInLink).click();\ncy.get(login.pageHeader).should('be.visible').should('contains.text', uiTexts.signUpPageHeader);",
              "err": {},
              "uuid": "c69dc687-a164-4341-bcf4-554922130714",
              "parentUUID": "bf9d5235-a0af-42e3-8072-daadc8678693",
              "isHook": false,
              "skipped": false
            }
          ],
          "suites": [],
          "passes": [
            "2aabb0b2-77d8-4447-974c-a460179ea274",
            "726bca5f-0335-4295-89ee-0a31e4da1f7e",
            "aa0f51a3-25f7-4646-9b65-172e8ff4f8e2",
            "c1b29f7f-125d-44c5-90d7-ba2c8559b835",
            "c69dc687-a164-4341-bcf4-554922130714"
          ],
          "failures": [],
          "pending": [],
          "skipped": [],
          "duration": 6412,
          "root": false,
          "rootEmpty": false,
          "_timeout": 2000
        }
      ],
      "passes": [],
      "failures": [],
      "pending": [],
      "skipped": [],
      "duration": 0,
      "root": true,
      "rootEmpty": true,
      "_timeout": 2000
    },
    {
      "uuid": "3a332a17-28a6-46a0-aec9-8eea9e271bb8",
      "title": "",
      "fullFile": "cypress\\e2e\\APITests\\createUser.cy.ts",
      "file": "cypress\\e2e\\APITests\\createUser.cy.ts",
      "beforeHooks": [],
      "afterHooks": [],
      "tests": [],
      "suites": [
        {
          "uuid": "3c440b86-e1e2-47d1-9b6d-d3680a1263ee",
          "title": "API Test Cases for user creation",
          "fullFile": "",
          "file": "",
          "beforeHooks": [],
          "afterHooks": [],
          "tests": [
            {
              "title": "Should create a new user",
              "fullTitle": "API Test Cases for user creation Should create a new user",
              "timedOut": null,
              "duration": 252,
              "state": "failed",
              "speed": null,
              "pass": false,
              "fail": true,
              "pending": false,
              "context": null,
              "code": "cy.request({\n    method: \"POST\",\n    url: apiUrl + '/users',\n    headers: {\n        'Content-Type': 'application/json'\n    },\n    body: {\n        \"user\": {\n            \"username\": userData.username,\n            \"email\": userData.email,\n            \"password\": userData.password\n        }\n    }\n}).as('createUser');\ncy.get('@createUser').then(function (response) {\n    expect(response.status).to.eq(200);\n    expect(response.body.user.email).to.contain(userData.user.email);\n});",
              "err": {
                "message": "CypressError: `cy.request()` failed on:\n\nhttps://api.realworld.io/api/users\n\nThe response we received from your web server was:\n\n  > 422: Unprocessable Entity\n\nThis was considered a failure because the status code was not `2xx` or `3xx`.\n\nIf you do not want status codes to cause failures pass the option: `failOnStatusCode: false`\n\n-----------------------------------------------------------\n\nThe request we sent was:\n\nMethod: POST\nURL: https://api.realworld.io/api/users\nHeaders: {\n  \"Connection\": \"keep-alive\",\n  \"Content-Type\": \"application/json\",\n  \"user-agent\": \"Mozilla/5.0 (Windows NT 10.0; Win64; x64) AppleWebKit/537.36 (KHTML, like Gecko) Cypress/13.3.3 Chrome/114.0.5735.289 Electron/25.8.4 Safari/537.36\",\n  \"accept\": \"*/*\",\n  \"accept-encoding\": \"gzip, deflate\",\n  \"content-length\": 101\n}\nBody: {\"user\":{\"username\":\"jvargasatestcr\",\"email\":\"jvargasatestcr@mailinator.com\",\"password\":\"Super132!\"}}\n\n-----------------------------------------------------------\n\nThe response we got was:\n\nStatus: 422 - Unprocessable Entity\nHeaders: {\n  \"date\": \"Sat, 28 Oct 2023 04:20:06 GMT\",\n  \"content-type\": \"application/json; charset=utf-8\",\n  \"content-length\": \"85\",\n  \"connection\": \"keep-alive\",\n  \"x-powered-by\": \"Express\",\n  \"access-control-allow-origin\": \"*\",\n  \"etag\": \"W/\\\"55-NjrsT9gca4ZDmlQ/ixYZy7cuscc\\\"\",\n  \"via\": \"1.1 vegur\",\n  \"cf-cache-status\": \"DYNAMIC\",\n  \"report-to\": \"{\\\"endpoints\\\":[{\\\"url\\\":\\\"https:\\\\/\\\\/a.nel.cloudflare.com\\\\/report\\\\/v3?s=E3I3fH9Fq7ujZEBVYeIAO5n2Ek6%2FcgO2zuw8OzW8UglT8YbFLlxU8p5AgSpqAb9MBzWOrekBFtiIzkNLc9cB3ZtszvleEk5ruvoqjbVTDhNlb1CyWwcmyPyfocper3VjOnKm\\\"}],\\\"group\\\":\\\"cf-nel\\\",\\\"max_age\\\":604800}\",\n  \"nel\": \"{\\\"success_fraction\\\":0,\\\"report_to\\\":\\\"cf-nel\\\",\\\"max_age\\\":604800}\",\n  \"server\": \"cloudflare\",\n  \"cf-ray\": \"81d062621d782878-MIA\",\n  \"alt-svc\": \"h3=\\\":443\\\"; ma=86400\"\n}\nBody: {\n  \"errors\": {\n    \"email\": [\n      \"has already been taken\"\n    ],\n    \"username\": [\n      \"has already been taken\"\n    ]\n  }\n}\n\n\nhttps://on.cypress.io/request",
                "estack": "CypressError: `cy.request()` failed on:\n\nhttps://api.realworld.io/api/users\n\nThe response we received from your web server was:\n\n  > 422: Unprocessable Entity\n\nThis was considered a failure because the status code was not `2xx` or `3xx`.\n\nIf you do not want status codes to cause failures pass the option: `failOnStatusCode: false`\n\n-----------------------------------------------------------\n\nThe request we sent was:\n\nMethod: POST\nURL: https://api.realworld.io/api/users\nHeaders: {\n  \"Connection\": \"keep-alive\",\n  \"Content-Type\": \"application/json\",\n  \"user-agent\": \"Mozilla/5.0 (Windows NT 10.0; Win64; x64) AppleWebKit/537.36 (KHTML, like Gecko) Cypress/13.3.3 Chrome/114.0.5735.289 Electron/25.8.4 Safari/537.36\",\n  \"accept\": \"*/*\",\n  \"accept-encoding\": \"gzip, deflate\",\n  \"content-length\": 101\n}\nBody: {\"user\":{\"username\":\"jvargasatestcr\",\"email\":\"jvargasatestcr@mailinator.com\",\"password\":\"Super132!\"}}\n\n-----------------------------------------------------------\n\nThe response we got was:\n\nStatus: 422 - Unprocessable Entity\nHeaders: {\n  \"date\": \"Sat, 28 Oct 2023 04:20:06 GMT\",\n  \"content-type\": \"application/json; charset=utf-8\",\n  \"content-length\": \"85\",\n  \"connection\": \"keep-alive\",\n  \"x-powered-by\": \"Express\",\n  \"access-control-allow-origin\": \"*\",\n  \"etag\": \"W/\\\"55-NjrsT9gca4ZDmlQ/ixYZy7cuscc\\\"\",\n  \"via\": \"1.1 vegur\",\n  \"cf-cache-status\": \"DYNAMIC\",\n  \"report-to\": \"{\\\"endpoints\\\":[{\\\"url\\\":\\\"https:\\\\/\\\\/a.nel.cloudflare.com\\\\/report\\\\/v3?s=E3I3fH9Fq7ujZEBVYeIAO5n2Ek6%2FcgO2zuw8OzW8UglT8YbFLlxU8p5AgSpqAb9MBzWOrekBFtiIzkNLc9cB3ZtszvleEk5ruvoqjbVTDhNlb1CyWwcmyPyfocper3VjOnKm\\\"}],\\\"group\\\":\\\"cf-nel\\\",\\\"max_age\\\":604800}\",\n  \"nel\": \"{\\\"success_fraction\\\":0,\\\"report_to\\\":\\\"cf-nel\\\",\\\"max_age\\\":604800}\",\n  \"server\": \"cloudflare\",\n  \"cf-ray\": \"81d062621d782878-MIA\",\n  \"alt-svc\": \"h3=\\\":443\\\"; ma=86400\"\n}\nBody: {\n  \"errors\": {\n    \"email\": [\n      \"has already been taken\"\n    ],\n    \"username\": [\n      \"has already been taken\"\n    ]\n  }\n}\n\n\nhttps://on.cypress.io/request\n    at <unknown> (http://angularjs.realworld.io/__cypress/runner/cypress_runner.js:133260:72)\n    at tryCatcher (http://angularjs.realworld.io/__cypress/runner/cypress_runner.js:1807:23)\n    at Promise._settlePromiseFromHandler (http://angularjs.realworld.io/__cypress/runner/cypress_runner.js:1519:31)\n    at Promise._settlePromise (http://angularjs.realworld.io/__cypress/runner/cypress_runner.js:1576:18)\n    at Promise._settlePromise0 (http://angularjs.realworld.io/__cypress/runner/cypress_runner.js:1621:10)\n    at Promise._settlePromises (http://angularjs.realworld.io/__cypress/runner/cypress_runner.js:1701:18)\n    at _drainQueueStep (http://angularjs.realworld.io/__cypress/runner/cypress_runner.js:2407:12)\n    at _drainQueue (http://angularjs.realworld.io/__cypress/runner/cypress_runner.js:2400:9)\n    at Async._drainQueues (http://angularjs.realworld.io/__cypress/runner/cypress_runner.js:2416:5)\n    at Async.drainQueues (http://angularjs.realworld.io/__cypress/runner/cypress_runner.js:2286:14)\nFrom Your Spec Code:\n    at Context.eval (webpack:///./cypress/e2e/APITests/createUser.cy.ts:12:0)",
                "diff": null
              },
              "uuid": "efb7dc12-f98f-49dc-8dbe-ca7d5620dcf4",
              "parentUUID": "3c440b86-e1e2-47d1-9b6d-d3680a1263ee",
              "isHook": false,
              "skipped": false
            }
          ],
          "suites": [],
          "passes": [],
          "failures": [
            "efb7dc12-f98f-49dc-8dbe-ca7d5620dcf4"
          ],
          "pending": [],
          "skipped": [],
          "duration": 252,
          "root": false,
          "rootEmpty": false,
          "_timeout": 2000
        }
      ],
      "passes": [],
      "failures": [],
      "pending": [],
      "skipped": [],
      "duration": 0,
      "root": true,
      "rootEmpty": true,
      "_timeout": 2000
    },
    {
      "uuid": "847b227e-3c8a-47d4-94db-1741023e4975",
      "title": "",
      "fullFile": "cypress\\e2e\\APITests\\userLogin.cy.ts",
      "file": "cypress\\e2e\\APITests\\userLogin.cy.ts",
      "beforeHooks": [],
      "afterHooks": [],
      "tests": [],
      "suites": [
        {
          "uuid": "3252e257-9990-4cfd-80f3-bf821b11ad4e",
          "title": "Login Endpoint Testing",
          "fullFile": "",
          "file": "",
          "beforeHooks": [],
          "afterHooks": [],
          "tests": [
            {
              "title": "Should login as an existing user",
              "fullTitle": "Login Endpoint Testing Should login as an existing user",
              "timedOut": null,
              "duration": 298,
              "state": "passed",
              "speed": "fast",
              "pass": true,
              "fail": false,
              "pending": false,
              "context": null,
              "code": "cy.request({\n    method: \"POST\",\n    url: apiUrl + '/users/login',\n    headers: {\n        'Content-Type': 'application/json'\n    },\n    body: {\n        \"user\": {\n            \"email\": userData.email,\n            \"password\": userData.password\n        }\n    }\n}).as('userLogin');\ncy.get('@userLogin').then(function (response) {\n    var userToken = response.body.user.token;\n    cy.log(userToken);\n    expect(response.status).to.eq(200);\n    expect(response.body.user.email).to.contain(userData.email);\n});",
              "err": {},
              "uuid": "d31da67f-c062-45c8-9c83-56fbc947c3aa",
              "parentUUID": "3252e257-9990-4cfd-80f3-bf821b11ad4e",
              "isHook": false,
              "skipped": false
            }
          ],
          "suites": [],
          "passes": [
            "d31da67f-c062-45c8-9c83-56fbc947c3aa"
          ],
          "failures": [],
          "pending": [],
          "skipped": [],
          "duration": 298,
          "root": false,
          "rootEmpty": false,
          "_timeout": 2000
        }
      ],
      "passes": [],
      "failures": [],
      "pending": [],
      "skipped": [],
      "duration": 0,
      "root": true,
      "rootEmpty": true,
      "_timeout": 2000
    },
    {
      "uuid": "d89c8206-bb37-4a37-95d7-bf8bd70925dd",
      "title": "",
      "fullFile": "cypress\\e2e\\feedTests.cy.ts",
      "file": "cypress\\e2e\\feedTests.cy.ts",
      "beforeHooks": [],
      "afterHooks": [],
      "tests": [],
      "suites": [
        {
          "uuid": "ea70044d-b479-433a-8fc7-a13fffa4f6e1",
          "title": "API Test Cases for user creation",
          "fullFile": "",
          "file": "",
          "beforeHooks": [],
          "afterHooks": [],
          "tests": [
            {
              "title": "Should check if article related objects are displayed",
              "fullTitle": "API Test Cases for user creation Should check if article related objects are displayed",
              "timedOut": null,
              "duration": 5131,
              "state": "passed",
              "speed": "medium",
              "pass": true,
              "fail": false,
              "pending": false,
              "context": null,
              "code": "cy.get(feed.articleTitle).should('be.visible').and('contains.text', 'Mock');",
              "err": {},
              "uuid": "ab79f00e-372c-47c4-8e7f-c3ff71ac0f7a",
              "parentUUID": "ea70044d-b479-433a-8fc7-a13fffa4f6e1",
              "isHook": false,
              "skipped": false
            },
            {
              "title": "Should check if article is set as favorite",
              "fullTitle": "API Test Cases for user creation Should check if article is set as favorite",
              "timedOut": null,
              "duration": 1747,
              "state": "passed",
              "speed": "fast",
              "pass": true,
              "fail": false,
              "pending": false,
              "context": null,
              "code": "cy.get(feed.articleFavorites).should('be.visible').and('contains.text', '1').click();\ncy.setArticleAsFavorite();\ncy.get(feed.articleFavorites).should('contains.text', '2');",
              "err": {},
              "uuid": "40a03121-5cbf-476c-8e35-0be17eee1d19",
              "parentUUID": "ea70044d-b479-433a-8fc7-a13fffa4f6e1",
              "isHook": false,
              "skipped": false
            },
            {
              "title": "Should uncheck an article from favorites",
              "fullTitle": "API Test Cases for user creation Should uncheck an article from favorites",
              "timedOut": null,
              "duration": 1684,
              "state": "passed",
              "speed": "fast",
              "pass": true,
              "fail": false,
              "pending": false,
              "context": null,
              "code": "cy.get(feed.articleFavorites).should('be.visible').and('contains.text', '1').click();\ncy.setArticleAsFavorite();\ncy.get(feed.articleFavorites).should('contains.text', '2').click();\ncy.fixture('articleList.json').then(function (file) {\n    var articleLink = file.articles[0].slug;\n    file.articles[0].favoritesCount = 1;\n    cy.intercept('DELETE', Cypress.env('apiUrl') + '/articles/' + articleLink + '/favorite', file);\n});\ncy.get(feed.articleFavorites).should('contains.text', '1');",
              "err": {},
              "uuid": "7399f89a-e8ea-494e-9c90-ea47a8ef0901",
              "parentUUID": "ea70044d-b479-433a-8fc7-a13fffa4f6e1",
              "isHook": false,
              "skipped": false
            }
          ],
          "suites": [],
          "passes": [
            "ab79f00e-372c-47c4-8e7f-c3ff71ac0f7a",
            "40a03121-5cbf-476c-8e35-0be17eee1d19",
            "7399f89a-e8ea-494e-9c90-ea47a8ef0901"
          ],
          "failures": [],
          "pending": [],
          "skipped": [],
          "duration": 8562,
          "root": false,
          "rootEmpty": false,
          "_timeout": 2000
        }
      ],
      "passes": [],
      "failures": [],
      "pending": [],
      "skipped": [],
      "duration": 0,
      "root": true,
      "rootEmpty": true,
      "_timeout": 2000
    }
  ],
  "meta": {
    "mocha": {
      "version": "7.0.1"
    },
    "mochawesome": {
      "options": {
        "quiet": false,
        "reportFilename": "mochawesome",
        "saveHtml": false,
        "saveJson": true,
        "consoleReporter": "spec",
        "useInlineDiffs": false,
        "code": true
      },
      "version": "7.1.3"
    },
    "marge": {
      "options": {
        "id": "default",
        "reportDir": "cypress/results/mochawesome",
        "overwrite": false,
        "html": false,
        "json": true
      },
      "version": "6.2.0"
    }
  }
}