{
  "stats": {
    "suites": 7,
    "tests": 19,
    "passes": 18,
    "pending": 0,
    "failures": 1,
    "testsRegistered": 19,
    "passPercent": 94.73684210526316,
    "pendingPercent": 0,
    "other": 0,
    "hasOther": false,
    "skipped": 0,
    "hasSkipped": false,
    "start": "2023-06-19T21:34:55.366Z",
    "end": "2023-06-19T21:35:32.606Z",
    "duration": 37240
  },
  "results": [
    {
      "uuid": "918b4de4-1ca2-4566-bd19-00fabdc9abba",
      "title": "",
      "fullFile": "cypress\\e2e\\HomePage.cy.ts",
      "file": "cypress\\e2e\\HomePage.cy.ts",
      "beforeHooks": [],
      "afterHooks": [],
      "tests": [],
      "suites": [
        {
          "uuid": "e2df71e2-585a-4432-bdd5-311f84e9bffd",
          "title": "Home Page Test Cases",
          "fullFile": "",
          "file": "",
          "beforeHooks": [],
          "afterHooks": [],
          "tests": [
            {
              "title": "Should display Home Page",
              "fullTitle": "Home Page Test Cases Should display Home Page",
              "timedOut": null,
              "duration": 998,
              "state": "passed",
              "speed": "fast",
              "pass": true,
              "fail": false,
              "pending": false,
              "context": null,
              "code": "cy.get(appHome.homePageHeader).should('be.visible').should('have.text', uiTexts.homePageHeader);",
              "err": {},
              "uuid": "6cf42a6c-8fec-45ba-b0f2-2161e80d7cff",
              "parentUUID": "e2df71e2-585a-4432-bdd5-311f84e9bffd",
              "isHook": false,
              "skipped": false
            },
            {
              "title": "Should redirect to Sign In Page",
              "fullTitle": "Home Page Test Cases Should redirect to Sign In Page",
              "timedOut": null,
              "duration": 261,
              "state": "passed",
              "speed": "fast",
              "pass": true,
              "fail": false,
              "pending": false,
              "context": null,
              "code": "cy.get(appHome.signInLink).click();\ncy.get(appSignIn.pageHeader).should('be.visible').should('have.text', uiTexts.signInPageHeader);",
              "err": {},
              "uuid": "44481903-5c46-4181-8962-1c5bfb5df97a",
              "parentUUID": "e2df71e2-585a-4432-bdd5-311f84e9bffd",
              "isHook": false,
              "skipped": false
            }
          ],
          "suites": [],
          "passes": [
            "6cf42a6c-8fec-45ba-b0f2-2161e80d7cff",
            "44481903-5c46-4181-8962-1c5bfb5df97a"
          ],
          "failures": [],
          "pending": [],
          "skipped": [],
          "duration": 1259,
          "root": false,
          "rootEmpty": false,
          "_timeout": 2000
        }
      ],
      "passes": [],
      "failures": [],
      "pending": [],
      "skipped": [],
      "duration": 0,
      "root": true,
      "rootEmpty": true,
      "_timeout": 2000
    },
    {
      "uuid": "f7a37701-d0a3-402c-8bdf-b577c2c3a6f4",
      "title": "",
      "fullFile": "cypress\\e2e\\newArticle.cy.ts",
      "file": "cypress\\e2e\\newArticle.cy.ts",
      "beforeHooks": [],
      "afterHooks": [],
      "tests": [],
      "suites": [
        {
          "uuid": "9856a704-9617-4dfa-9be7-c4cddf1e9651",
          "title": "template spec",
          "fullFile": "",
          "file": "",
          "beforeHooks": [],
          "afterHooks": [],
          "tests": [
            {
              "title": "Should check if user is logged in",
              "fullTitle": "template spec Should check if user is logged in",
              "timedOut": null,
              "duration": 1411,
              "state": "passed",
              "speed": "fast",
              "pass": true,
              "fail": false,
              "pending": false,
              "context": null,
              "code": "cy.get(feed.loggedUser).should('be.visible').and('contains.text', userData.username);",
              "err": {},
              "uuid": "00dfad07-e4c5-4e35-801c-c256b0af1e98",
              "parentUUID": "9856a704-9617-4dfa-9be7-c4cddf1e9651",
              "isHook": false,
              "skipped": false
            },
            {
              "title": "Should open New Article view",
              "fullTitle": "template spec Should open New Article view",
              "timedOut": null,
              "duration": 722,
              "state": "passed",
              "speed": "fast",
              "pass": true,
              "fail": false,
              "pending": false,
              "context": null,
              "code": "cy.contains(feed.newArticleLink).click();\ncy.get('.btn').should('be.visible').and('contains.text', uiTexts.publishBtn);",
              "err": {},
              "uuid": "aefc9900-9b38-44b2-8ebd-b06df56e1244",
              "parentUUID": "9856a704-9617-4dfa-9be7-c4cddf1e9651",
              "isHook": false,
              "skipped": false
            },
            {
              "title": "Should not create a new Article when title is empty",
              "fullTitle": "template spec Should not create a new Article when title is empty",
              "timedOut": null,
              "duration": 2614,
              "state": "passed",
              "speed": "fast",
              "pass": true,
              "fail": false,
              "pending": false,
              "context": null,
              "code": "cy.contains(feed.newArticleLink).click();\ncy.get(article.description).type(articleData.description);\ncy.get(article.body).type(articleData.body);\ncy.get(article.tags).type(articleData.tags);\ncy.contains(article.button).click();\ncy.get(article.titleErrorMsg).should('be.visible').and('contains.text', articleData.errorMsg);",
              "err": {},
              "uuid": "0effee85-52d9-4e67-a15e-e13c546f293a",
              "parentUUID": "9856a704-9617-4dfa-9be7-c4cddf1e9651",
              "isHook": false,
              "skipped": false
            },
            {
              "title": "Should create a new Article",
              "fullTitle": "template spec Should create a new Article",
              "timedOut": null,
              "duration": 3504,
              "state": "passed",
              "speed": "fast",
              "pass": true,
              "fail": false,
              "pending": false,
              "context": null,
              "code": "cy.contains(feed.newArticleLink).click();\ncy.get(article.title).type(articleData.title);\ncy.get(article.description).type(articleData.description);\ncy.get(article.body).type(articleData.body);\ncy.get(article.tags).type(articleData.tags);\ncy.contains(article.button).click();\ncy.get('h1.ng-binding').should('be.visible').should('contains.text', articleData.title);",
              "err": {},
              "uuid": "8378a256-167b-42f3-a9d1-3d378ed6694b",
              "parentUUID": "9856a704-9617-4dfa-9be7-c4cddf1e9651",
              "isHook": false,
              "skipped": false
            }
          ],
          "suites": [],
          "passes": [
            "00dfad07-e4c5-4e35-801c-c256b0af1e98",
            "aefc9900-9b38-44b2-8ebd-b06df56e1244",
            "0effee85-52d9-4e67-a15e-e13c546f293a",
            "8378a256-167b-42f3-a9d1-3d378ed6694b"
          ],
          "failures": [],
          "pending": [],
          "skipped": [],
          "duration": 8251,
          "root": false,
          "rootEmpty": false,
          "_timeout": 2000
        }
      ],
      "passes": [],
      "failures": [],
      "pending": [],
      "skipped": [],
      "duration": 0,
      "root": true,
      "rootEmpty": true,
      "_timeout": 2000
    },
    {
      "uuid": "e5804c52-cd14-492e-ae20-3800ee3fb1e9",
      "title": "",
      "fullFile": "cypress\\e2e\\tags.cy.ts",
      "file": "cypress\\e2e\\tags.cy.ts",
      "beforeHooks": [],
      "afterHooks": [],
      "tests": [],
      "suites": [
        {
          "uuid": "677fe160-5db1-412e-a8f5-2531d527decb",
          "title": "Tag list Testing",
          "fullFile": "",
          "file": "",
          "beforeHooks": [],
          "afterHooks": [],
          "tests": [
            {
              "title": "Should display tag list",
              "fullTitle": "Tag list Testing Should display tag list",
              "timedOut": null,
              "duration": 1906,
              "state": "passed",
              "speed": "fast",
              "pass": true,
              "fail": false,
              "pending": false,
              "context": null,
              "code": "cy.get(tags.tag1).should('be.visible');",
              "err": {},
              "uuid": "5a005cc8-6692-4aaa-95d3-c91b7563f0f5",
              "parentUUID": "677fe160-5db1-412e-a8f5-2531d527decb",
              "isHook": false,
              "skipped": false
            },
            {
              "title": "Should check tag list",
              "fullTitle": "Tag list Testing Should check tag list",
              "timedOut": null,
              "duration": 251,
              "state": "passed",
              "speed": "fast",
              "pass": true,
              "fail": false,
              "pending": false,
              "context": null,
              "code": "cy.get(tags.tag1).and('have.text', tagList.tags[0]);\ncy.get(tags.tag2).should('be.visible').and('have.text', tagList.tags[1]);\ncy.get(tags.tag3).should('be.visible').and('have.text', tagList.tags[2]);\ncy.get(tags.tag4).should('be.visible').and('have.text', tagList.tags[3]);",
              "err": {},
              "uuid": "d571e553-de73-4d87-899e-0a36261497d6",
              "parentUUID": "677fe160-5db1-412e-a8f5-2531d527decb",
              "isHook": false,
              "skipped": false
            },
            {
              "title": "Should check if the right amount of tags are displayed",
              "fullTitle": "Tag list Testing Should check if the right amount of tags are displayed",
              "timedOut": null,
              "duration": 557,
              "state": "passed",
              "speed": "fast",
              "pass": true,
              "fail": false,
              "pending": false,
              "context": null,
              "code": "cy.get(tags.tagList).children().should('have.length', 4);",
              "err": {},
              "uuid": "3b240a9a-7549-48c6-9191-96423a943d31",
              "parentUUID": "677fe160-5db1-412e-a8f5-2531d527decb",
              "isHook": false,
              "skipped": false
            }
          ],
          "suites": [],
          "passes": [
            "5a005cc8-6692-4aaa-95d3-c91b7563f0f5",
            "d571e553-de73-4d87-899e-0a36261497d6",
            "3b240a9a-7549-48c6-9191-96423a943d31"
          ],
          "failures": [],
          "pending": [],
          "skipped": [],
          "duration": 2714,
          "root": false,
          "rootEmpty": false,
          "_timeout": 2000
        }
      ],
      "passes": [],
      "failures": [],
      "pending": [],
      "skipped": [],
      "duration": 0,
      "root": true,
      "rootEmpty": true,
      "_timeout": 2000
    },
    {
      "uuid": "4ba17ef5-90d1-4b6c-a90d-298c17eaa015",
      "title": "",
      "fullFile": "cypress\\e2e\\uiLoginTest.cy.ts",
      "file": "cypress\\e2e\\uiLoginTest.cy.ts",
      "beforeHooks": [],
      "afterHooks": [],
      "tests": [],
      "suites": [
        {
          "uuid": "7a6cd875-d048-48da-9824-f9d20128b628",
          "title": "Login Tests using UI",
          "fullFile": "",
          "file": "",
          "beforeHooks": [],
          "afterHooks": [],
          "tests": [
            {
              "title": "Should check if user is on Login Page",
              "fullTitle": "Login Tests using UI Should check if user is on Login Page",
              "timedOut": null,
              "duration": 953,
              "state": "passed",
              "speed": "fast",
              "pass": true,
              "fail": false,
              "pending": false,
              "context": null,
              "code": "cy.get(login.pageHeader).should('be.visible').should('contains.text', uiTexts.signInPageHeader);",
              "err": {},
              "uuid": "f2bd3f5c-0f12-4251-b612-b24467545d90",
              "parentUUID": "7a6cd875-d048-48da-9824-f9d20128b628",
              "isHook": false,
              "skipped": false
            },
            {
              "title": "Should check error message displayed when no password is given",
              "fullTitle": "Login Tests using UI Should check error message displayed when no password is given",
              "timedOut": null,
              "duration": 882,
              "state": "passed",
              "speed": "fast",
              "pass": true,
              "fail": false,
              "pending": false,
              "context": null,
              "code": "cy.get(login.userField).should('be.visible').type('some@email.com');\ncy.get(login.submitBtn).should('be.visible').click();\ncy.get(login.errorMsg).should('be.visible').should('contains.text', uiTexts.pwdError);",
              "err": {},
              "uuid": "f89407a3-b1c3-4e51-89d5-54c66f57dcb9",
              "parentUUID": "7a6cd875-d048-48da-9824-f9d20128b628",
              "isHook": false,
              "skipped": false
            },
            {
              "title": "Should check error message displayed when no email is given",
              "fullTitle": "Login Tests using UI Should check error message displayed when no email is given",
              "timedOut": null,
              "duration": 645,
              "state": "passed",
              "speed": "fast",
              "pass": true,
              "fail": false,
              "pending": false,
              "context": null,
              "code": "cy.get(login.passwordField).should('be.visible').type('somePassword');\ncy.get(login.submitBtn).should('be.visible').click();\ncy.get(login.errorMsg).should('be.visible').should('contains.text', uiTexts.emailError);",
              "err": {},
              "uuid": "695ce60a-4b30-4497-aad0-bf71ccebad6d",
              "parentUUID": "7a6cd875-d048-48da-9824-f9d20128b628",
              "isHook": false,
              "skipped": false
            },
            {
              "title": "Should login successfully when using valid credentials",
              "fullTitle": "Login Tests using UI Should login successfully when using valid credentials",
              "timedOut": null,
              "duration": 1174,
              "state": "passed",
              "speed": "fast",
              "pass": true,
              "fail": false,
              "pending": false,
              "context": null,
              "code": "cy.get(login.userField).should('be.visible').type(userData.email);\ncy.get(login.passwordField).should('be.visible').type(userData.password);\ncy.get(login.submitBtn).should('be.visible').click();\ncy.get(feed.loggedUser).should('be.visible').should('contains.text', userData.username);",
              "err": {},
              "uuid": "ccbc3d3a-1aeb-4698-907b-659d0a62860f",
              "parentUUID": "7a6cd875-d048-48da-9824-f9d20128b628",
              "isHook": false,
              "skipped": false
            },
            {
              "title": "Should redirect to Sign In Page when clicking Sign In Link",
              "fullTitle": "Login Tests using UI Should redirect to Sign In Page when clicking Sign In Link",
              "timedOut": null,
              "duration": 259,
              "state": "passed",
              "speed": "fast",
              "pass": true,
              "fail": false,
              "pending": false,
              "context": null,
              "code": "cy.get(login.signUpLink).should('be.visible').should('contains.text', uiTexts.signInLink).click();\ncy.get(login.pageHeader).should('be.visible').should('contains.text', uiTexts.signUpPageHeader);",
              "err": {},
              "uuid": "2d0ce4ce-bd4a-442c-b9eb-f269e0c49fb7",
              "parentUUID": "7a6cd875-d048-48da-9824-f9d20128b628",
              "isHook": false,
              "skipped": false
            }
          ],
          "suites": [],
          "passes": [
            "f2bd3f5c-0f12-4251-b612-b24467545d90",
            "f89407a3-b1c3-4e51-89d5-54c66f57dcb9",
            "695ce60a-4b30-4497-aad0-bf71ccebad6d",
            "ccbc3d3a-1aeb-4698-907b-659d0a62860f",
            "2d0ce4ce-bd4a-442c-b9eb-f269e0c49fb7"
          ],
          "failures": [],
          "pending": [],
          "skipped": [],
          "duration": 3913,
          "root": false,
          "rootEmpty": false,
          "_timeout": 2000
        }
      ],
      "passes": [],
      "failures": [],
      "pending": [],
      "skipped": [],
      "duration": 0,
      "root": true,
      "rootEmpty": true,
      "_timeout": 2000
    },
    {
      "uuid": "cbfa12a8-458d-4dd5-9134-22657b78e6c6",
      "title": "",
      "fullFile": "cypress\\e2e\\APITests\\createUser.cy.ts",
      "file": "cypress\\e2e\\APITests\\createUser.cy.ts",
      "beforeHooks": [],
      "afterHooks": [],
      "tests": [],
      "suites": [
        {
          "uuid": "64c15b22-42a7-4dd6-a348-6c892950386c",
          "title": "API Test Cases for user creation",
          "fullFile": "",
          "file": "",
          "beforeHooks": [],
          "afterHooks": [],
          "tests": [
            {
              "title": "Should create a new user",
              "fullTitle": "API Test Cases for user creation Should create a new user",
              "timedOut": null,
              "duration": 389,
              "state": "failed",
              "speed": null,
              "pass": false,
              "fail": true,
              "pending": false,
              "context": null,
              "code": "cy.request({\n    method: \"POST\",\n    url: apiUrl + '/users',\n    headers: {\n        'Content-Type': 'application/json'\n    },\n    body: {\n        \"user\": {\n            \"username\": userData.username,\n            \"email\": userData.email,\n            \"password\": userData.password\n        }\n    }\n}).as('createUser');\ncy.get('@createUser').then(function (response) {\n    expect(response.status).to.eq(200);\n    expect(response.body.user.email).to.contain(userData.user.email);\n});",
              "err": {
                "message": "CypressError: `cy.request()` failed on:\n\nhttps://api.realworld.io/api/users\n\nThe response we received from your web server was:\n\n  > 422: Unprocessable Entity\n\nThis was considered a failure because the status code was not `2xx` or `3xx`.\n\nIf you do not want status codes to cause failures pass the option: `failOnStatusCode: false`\n\n-----------------------------------------------------------\n\nThe request we sent was:\n\nMethod: POST\nURL: https://api.realworld.io/api/users\nHeaders: {\n  \"Connection\": \"keep-alive\",\n  \"Content-Type\": \"application/json\",\n  \"user-agent\": \"Mozilla/5.0 (Windows NT 10.0; Win64; x64) AppleWebKit/537.36 (KHTML, like Gecko) Cypress/12.8.1 Chrome/106.0.5249.51 Electron/21.0.0 Safari/537.36\",\n  \"accept\": \"*/*\",\n  \"accept-encoding\": \"gzip, deflate\",\n  \"content-length\": 101\n}\nBody: {\"user\":{\"username\":\"jvargasatestcr\",\"email\":\"jvargasatestcr@mailinator.com\",\"password\":\"Super132!\"}}\n\n-----------------------------------------------------------\n\nThe response we got was:\n\nStatus: 422 - Unprocessable Entity\nHeaders: {\n  \"date\": \"Mon, 19 Jun 2023 21:33:59 GMT\",\n  \"content-type\": \"application/json; charset=utf-8\",\n  \"content-length\": \"85\",\n  \"connection\": \"keep-alive\",\n  \"x-powered-by\": \"Express\",\n  \"access-control-allow-origin\": \"*\",\n  \"etag\": \"W/\\\"55-NjrsT9gca4ZDmlQ/ixYZy7cuscc\\\"\",\n  \"via\": \"1.1 vegur\",\n  \"cf-cache-status\": \"DYNAMIC\",\n  \"report-to\": \"{\\\"endpoints\\\":[{\\\"url\\\":\\\"https:\\\\/\\\\/a.nel.cloudflare.com\\\\/report\\\\/v3?s=jo2%2Bx93dY7NrHPSaAWL3L2hCdAoQX5chlEuXPqzUW8FH5awJCgAKgMThBp5qFRwfPSI1JbZKLl581ErNN7bjFKDftCya%2FH3SpaWSzcQ1mAAdabtK%2F7cwSSbYplERc%2FBTh2gQ\\\"}],\\\"group\\\":\\\"cf-nel\\\",\\\"max_age\\\":604800}\",\n  \"nel\": \"{\\\"success_fraction\\\":0,\\\"report_to\\\":\\\"cf-nel\\\",\\\"max_age\\\":604800}\",\n  \"server\": \"cloudflare\",\n  \"cf-ray\": \"7d9ee4bdce190a0e-MIA\",\n  \"alt-svc\": \"h3=\\\":443\\\"; ma=86400\"\n}\nBody: {\n  \"errors\": {\n    \"email\": [\n      \"has already been taken\"\n    ],\n    \"username\": [\n      \"has already been taken\"\n    ]\n  }\n}\n\n\nhttps://on.cypress.io/request",
                "estack": "CypressError: `cy.request()` failed on:\n\nhttps://api.realworld.io/api/users\n\nThe response we received from your web server was:\n\n  > 422: Unprocessable Entity\n\nThis was considered a failure because the status code was not `2xx` or `3xx`.\n\nIf you do not want status codes to cause failures pass the option: `failOnStatusCode: false`\n\n-----------------------------------------------------------\n\nThe request we sent was:\n\nMethod: POST\nURL: https://api.realworld.io/api/users\nHeaders: {\n  \"Connection\": \"keep-alive\",\n  \"Content-Type\": \"application/json\",\n  \"user-agent\": \"Mozilla/5.0 (Windows NT 10.0; Win64; x64) AppleWebKit/537.36 (KHTML, like Gecko) Cypress/12.8.1 Chrome/106.0.5249.51 Electron/21.0.0 Safari/537.36\",\n  \"accept\": \"*/*\",\n  \"accept-encoding\": \"gzip, deflate\",\n  \"content-length\": 101\n}\nBody: {\"user\":{\"username\":\"jvargasatestcr\",\"email\":\"jvargasatestcr@mailinator.com\",\"password\":\"Super132!\"}}\n\n-----------------------------------------------------------\n\nThe response we got was:\n\nStatus: 422 - Unprocessable Entity\nHeaders: {\n  \"date\": \"Mon, 19 Jun 2023 21:33:59 GMT\",\n  \"content-type\": \"application/json; charset=utf-8\",\n  \"content-length\": \"85\",\n  \"connection\": \"keep-alive\",\n  \"x-powered-by\": \"Express\",\n  \"access-control-allow-origin\": \"*\",\n  \"etag\": \"W/\\\"55-NjrsT9gca4ZDmlQ/ixYZy7cuscc\\\"\",\n  \"via\": \"1.1 vegur\",\n  \"cf-cache-status\": \"DYNAMIC\",\n  \"report-to\": \"{\\\"endpoints\\\":[{\\\"url\\\":\\\"https:\\\\/\\\\/a.nel.cloudflare.com\\\\/report\\\\/v3?s=jo2%2Bx93dY7NrHPSaAWL3L2hCdAoQX5chlEuXPqzUW8FH5awJCgAKgMThBp5qFRwfPSI1JbZKLl581ErNN7bjFKDftCya%2FH3SpaWSzcQ1mAAdabtK%2F7cwSSbYplERc%2FBTh2gQ\\\"}],\\\"group\\\":\\\"cf-nel\\\",\\\"max_age\\\":604800}\",\n  \"nel\": \"{\\\"success_fraction\\\":0,\\\"report_to\\\":\\\"cf-nel\\\",\\\"max_age\\\":604800}\",\n  \"server\": \"cloudflare\",\n  \"cf-ray\": \"7d9ee4bdce190a0e-MIA\",\n  \"alt-svc\": \"h3=\\\":443\\\"; ma=86400\"\n}\nBody: {\n  \"errors\": {\n    \"email\": [\n      \"has already been taken\"\n    ],\n    \"username\": [\n      \"has already been taken\"\n    ]\n  }\n}\n\n\nhttps://on.cypress.io/request\n    at <unknown> (http://angularjs.realworld.io/__cypress/runner/cypress_runner.js:139729:80)\n    at tryCatcher (http://angularjs.realworld.io/__cypress/runner/cypress_runner.js:8914:23)\n    at Promise._settlePromiseFromHandler (http://angularjs.realworld.io/__cypress/runner/cypress_runner.js:6849:31)\n    at Promise._settlePromise (http://angularjs.realworld.io/__cypress/runner/cypress_runner.js:6906:18)\n    at Promise._settlePromise0 (http://angularjs.realworld.io/__cypress/runner/cypress_runner.js:6951:10)\n    at Promise._settlePromises (http://angularjs.realworld.io/__cypress/runner/cypress_runner.js:7031:18)\n    at _drainQueueStep (http://angularjs.realworld.io/__cypress/runner/cypress_runner.js:3621:12)\n    at _drainQueue (http://angularjs.realworld.io/__cypress/runner/cypress_runner.js:3614:9)\n    at ../../node_modules/bluebird/js/release/async.js.Async._drainQueues (http://angularjs.realworld.io/__cypress/runner/cypress_runner.js:3630:5)\n    at Async.drainQueues (http://angularjs.realworld.io/__cypress/runner/cypress_runner.js:3500:14)\nFrom Your Spec Code:\n    at Context.eval (webpack:///./cypress/e2e/APITests/createUser.cy.ts:12:0)",
                "diff": null
              },
              "uuid": "b46906ef-6d21-4540-8cb3-a2581c43686f",
              "parentUUID": "64c15b22-42a7-4dd6-a348-6c892950386c",
              "isHook": false,
              "skipped": false
            }
          ],
          "suites": [],
          "passes": [],
          "failures": [
            "b46906ef-6d21-4540-8cb3-a2581c43686f"
          ],
          "pending": [],
          "skipped": [],
          "duration": 389,
          "root": false,
          "rootEmpty": false,
          "_timeout": 2000
        }
      ],
      "passes": [],
      "failures": [],
      "pending": [],
      "skipped": [],
      "duration": 0,
      "root": true,
      "rootEmpty": true,
      "_timeout": 2000
    },
    {
      "uuid": "f40fe6b5-b075-4a0d-9580-7904711f8254",
      "title": "",
      "fullFile": "cypress\\e2e\\APITests\\userLogin.cy.ts",
      "file": "cypress\\e2e\\APITests\\userLogin.cy.ts",
      "beforeHooks": [],
      "afterHooks": [],
      "tests": [],
      "suites": [
        {
          "uuid": "8ef99a43-5cba-465a-af78-6abe322d6645",
          "title": "Login Endpoint Testing",
          "fullFile": "",
          "file": "",
          "beforeHooks": [],
          "afterHooks": [],
          "tests": [
            {
              "title": "Should login as an existing user",
              "fullTitle": "Login Endpoint Testing Should login as an existing user",
              "timedOut": null,
              "duration": 260,
              "state": "passed",
              "speed": "fast",
              "pass": true,
              "fail": false,
              "pending": false,
              "context": null,
              "code": "cy.request({\n    method: \"POST\",\n    url: apiUrl + '/users/login',\n    headers: {\n        'Content-Type': 'application/json'\n    },\n    body: {\n        \"user\": {\n            \"email\": userData.email,\n            \"password\": userData.password\n        }\n    }\n}).as('userLogin');\ncy.get('@userLogin').then(function (response) {\n    var userToken = response.body.user.token;\n    cy.log(userToken);\n    expect(response.status).to.eq(200);\n    expect(response.body.user.email).to.contain(userData.email);\n});",
              "err": {},
              "uuid": "581cb150-3519-4cdf-a070-2c1863cc5e78",
              "parentUUID": "8ef99a43-5cba-465a-af78-6abe322d6645",
              "isHook": false,
              "skipped": false
            }
          ],
          "suites": [],
          "passes": [
            "581cb150-3519-4cdf-a070-2c1863cc5e78"
          ],
          "failures": [],
          "pending": [],
          "skipped": [],
          "duration": 260,
          "root": false,
          "rootEmpty": false,
          "_timeout": 2000
        }
      ],
      "passes": [],
      "failures": [],
      "pending": [],
      "skipped": [],
      "duration": 0,
      "root": true,
      "rootEmpty": true,
      "_timeout": 2000
    },
    {
      "uuid": "3d31bbdc-936d-4462-8612-64c41dec7693",
      "title": "",
      "fullFile": "cypress\\e2e\\feedTests.cy.ts",
      "file": "cypress\\e2e\\feedTests.cy.ts",
      "beforeHooks": [],
      "afterHooks": [],
      "tests": [],
      "suites": [
        {
          "uuid": "25d39f5c-1281-4c9f-ba96-634954253d4d",
          "title": "API Test Cases for user creation",
          "fullFile": "",
          "file": "",
          "beforeHooks": [],
          "afterHooks": [],
          "tests": [
            {
              "title": "Should check if article related objects are displayed",
              "fullTitle": "API Test Cases for user creation Should check if article related objects are displayed",
              "timedOut": null,
              "duration": 3392,
              "state": "passed",
              "speed": "fast",
              "pass": true,
              "fail": false,
              "pending": false,
              "context": null,
              "code": "cy.get(feed.articleTitle).should('be.visible').and('contains.text', 'Mock');",
              "err": {},
              "uuid": "21797692-916b-4e42-8de8-8eff1502746c",
              "parentUUID": "25d39f5c-1281-4c9f-ba96-634954253d4d",
              "isHook": false,
              "skipped": false
            },
            {
              "title": "Should check if article is set as favorite",
              "fullTitle": "API Test Cases for user creation Should check if article is set as favorite",
              "timedOut": null,
              "duration": 1355,
              "state": "passed",
              "speed": "fast",
              "pass": true,
              "fail": false,
              "pending": false,
              "context": null,
              "code": "cy.get(feed.articleFavorites).should('be.visible').and('contains.text', '1').click();\ncy.setArticleAsFavorite();\ncy.get(feed.articleFavorites).should('contains.text', '2');",
              "err": {},
              "uuid": "3f96b42c-3fb0-40f3-9078-d114b9b1f7a7",
              "parentUUID": "25d39f5c-1281-4c9f-ba96-634954253d4d",
              "isHook": false,
              "skipped": false
            },
            {
              "title": "Should uncheck an article from favorites",
              "fullTitle": "API Test Cases for user creation Should uncheck an article from favorites",
              "timedOut": null,
              "duration": 1329,
              "state": "passed",
              "speed": "fast",
              "pass": true,
              "fail": false,
              "pending": false,
              "context": null,
              "code": "cy.get(feed.articleFavorites).should('be.visible').and('contains.text', '1').click();\ncy.setArticleAsFavorite();\ncy.get(feed.articleFavorites).should('contains.text', '2').click();\ncy.fixture('articleList.json').then(function (file) {\n    var articleLink = file.articles[0].slug;\n    file.articles[0].favoritesCount = 1;\n    cy.intercept('DELETE', Cypress.env('apiUrl') + '/articles/' + articleLink + '/favorite', file);\n});\ncy.get(feed.articleFavorites).should('contains.text', '1');",
              "err": {},
              "uuid": "90ffc477-9108-4a98-983e-49a36eed7548",
              "parentUUID": "25d39f5c-1281-4c9f-ba96-634954253d4d",
              "isHook": false,
              "skipped": false
            }
          ],
          "suites": [],
          "passes": [
            "21797692-916b-4e42-8de8-8eff1502746c",
            "3f96b42c-3fb0-40f3-9078-d114b9b1f7a7",
            "90ffc477-9108-4a98-983e-49a36eed7548"
          ],
          "failures": [],
          "pending": [],
          "skipped": [],
          "duration": 6076,
          "root": false,
          "rootEmpty": false,
          "_timeout": 2000
        }
      ],
      "passes": [],
      "failures": [],
      "pending": [],
      "skipped": [],
      "duration": 0,
      "root": true,
      "rootEmpty": true,
      "_timeout": 2000
    }
  ],
  "meta": {
    "mocha": {
      "version": "7.0.1"
    },
    "mochawesome": {
      "options": {
        "quiet": false,
        "reportFilename": "mochawesome",
        "saveHtml": false,
        "saveJson": true,
        "consoleReporter": "spec",
        "useInlineDiffs": false,
        "code": true
      },
      "version": "7.1.3"
    },
    "marge": {
      "options": {
        "id": "default",
        "reportDir": "cypress/results/mochawesome",
        "overwrite": false,
        "html": false,
        "json": true
      },
      "version": "6.2.0"
    }
  }
}